<?xml version="1.0" encoding="UTF-8"?>
<!-- Generated by org.testng.reporters.JUnitReportReporter -->
<testsuite hostname="Sonalis_AsusVB" failures="0" tests="1" name="TestRunner.RunnerTest" time="7.554" errors="0" timestamp="17 Jan 2024 19:26:30 GMT" skipped="0">
  <testcase classname="TestRunner.RunnerTest" name="runScenario" time="7.554"/>
</testsuite> <!-- TestRunner.RunnerTest -->
