<?xml version="1.0" encoding="UTF-8"?>
<!-- Generated by org.testng.reporters.JUnitReportReporter -->
<testsuite hostname="Sonalis_AsusVB" failures="0" tests="3" name="TestRunner.RunnerTest" time="9.055" errors="0" timestamp="17 Jan 2024 20:10:33 GMT" skipped="0">
  <testcase classname="TestRunner.RunnerTest" name="runScenario" time="0.302"/>
  <testcase classname="TestRunner.RunnerTest" name="runScenario" time="0.439"/>
  <testcase classname="TestRunner.RunnerTest" name="runScenario" time="8.314"/>
</testsuite> <!-- TestRunner.RunnerTest -->
