<?xml version="1.0" encoding="UTF-8"?>
<!-- Generated by org.testng.reporters.JUnitReportReporter -->
<testsuite hostname="Sonalis_AsusVB" failures="0" tests="4" name="TestRunner.RunnerTest" time="8.207" errors="0" timestamp="17 Jan 2024 20:27:41 GMT" skipped="0">
  <testcase classname="TestRunner.RunnerTest" name="runScenario" time="0.310"/>
  <testcase classname="TestRunner.RunnerTest" name="runScenario" time="0.652"/>
  <testcase classname="TestRunner.RunnerTest" name="runScenario" time="0.253"/>
  <testcase classname="TestRunner.RunnerTest" name="runScenario" time="6.992"/>
</testsuite> <!-- TestRunner.RunnerTest -->
