<?xml version="1.0" encoding="UTF-8"?>
<!-- Generated by org.testng.reporters.JUnitReportReporter -->
<testsuite hostname="Sonalis_AsusVB" failures="0" tests="5" name="TestRunner.RunnerTest" time="9.115" errors="0" timestamp="17 Jan 2024 20:52:12 GMT" skipped="0">
  <testcase classname="TestRunner.RunnerTest" name="runScenario" time="0.247"/>
  <testcase classname="TestRunner.RunnerTest" name="runScenario" time="7.689"/>
  <testcase classname="TestRunner.RunnerTest" name="runScenario" time="0.328"/>
  <testcase classname="TestRunner.RunnerTest" name="runScenario" time="0.767"/>
  <testcase classname="TestRunner.RunnerTest" name="runScenario" time="0.084"/>
</testsuite> <!-- TestRunner.RunnerTest -->
