<?xml version="1.0" encoding="UTF-8"?>
<!-- Generated by org.testng.reporters.JUnitReportReporter -->
<testsuite hostname="Sonalis_AsusVB" failures="0" tests="2" name="TestRunner.RunnerTest" time="7.161" errors="0" timestamp="17 Jan 2024 19:52:00 GMT" skipped="0">
  <testcase classname="TestRunner.RunnerTest" name="runScenario" time="0.321"/>
  <testcase classname="TestRunner.RunnerTest" name="runScenario" time="6.840"/>
</testsuite> <!-- TestRunner.RunnerTest -->
